<?xml version="1.0" encoding="UTF-8"?>
<testng-results ignored="0" total="1" passed="1" failed="0" skipped="0">
  <reporter-output>
  </reporter-output>
  <suite started-at="2020-10-04T13:10:22Z" name="Command line suite" finished-at="2020-10-04T13:10:22Z" duration-ms="148">
    <groups>
    </groups>
    <test started-at="2020-10-04T13:10:22Z" name="Command line test" finished-at="2020-10-04T13:10:22Z" duration-ms="148">
      <class name="Run_test.AppTest">
        <test-method signature="testApp()" started-at="2020-10-04T18:40:22Z" name="testApp" finished-at="2020-10-04T18:40:22Z" duration-ms="59" status="PASS">
          <reporter-output>
          </reporter-output>
        </test-method> <!-- testApp -->
      </class> <!-- Run_test.AppTest -->
    </test> <!-- Command line test -->
  </suite> <!-- Command line suite -->
</testng-results>
