<?xml version="1.0" encoding="UTF-8"?>
<testng-results ignored="0" total="4" passed="4" failed="0" skipped="0">
  <reporter-output>
  </reporter-output>
  <suite started-at="2020-10-04T13:09:16Z" name="Command line suite" finished-at="2020-10-04T13:10:22Z" duration-ms="65565">
    <groups>
      <group name="cucumber">
        <method signature="AbstractTestNGCucumberTests.feature(cucumber.api.testng.CucumberFeatureWrapper)[pri:0, instance:Run_test.My_store_Test@3aefe5e5]" name="feature" class="cucumber.api.testng.AbstractTestNGCucumberTests"/>
        <method signature="AbstractTestNGCucumberTests.feature(cucumber.api.testng.CucumberFeatureWrapper)[pri:0, instance:Run_test.Search_Test@149e0f5d]" name="feature" class="cucumber.api.testng.AbstractTestNGCucumberTests"/>
      </group> <!-- cucumber -->
    </groups>
    <test started-at="2020-10-04T13:09:16Z" name="Command line test" finished-at="2020-10-04T13:10:22Z" duration-ms="65565">
      <class name="Run_test.My_store_Test">
        <test-method is-config="true" signature="setUpClass()[pri:0, instance:Run_test.My_store_Test@3aefe5e5]" started-at="2020-10-04T18:39:16Z" name="setUpClass" finished-at="2020-10-04T18:39:17Z" duration-ms="489" status="PASS">
          <reporter-output>
          </reporter-output>
        </test-method> <!-- setUpClass -->
        <test-method signature="feature(cucumber.api.testng.CucumberFeatureWrapper)[pri:0, instance:Run_test.My_store_Test@3aefe5e5]" started-at="2020-10-04T18:39:17Z" name="feature" description="Runs Cucumber Feature" data-provider="features" finished-at="2020-10-04T18:39:30Z" duration-ms="12982" status="PASS">
          <params>
            <param index="0">
              <value>
                <![CDATA[This is to Search product in application]]>
              </value>
            </param>
          </params>
          <reporter-output>
          </reporter-output>
        </test-method> <!-- feature -->
        <test-method signature="feature(cucumber.api.testng.CucumberFeatureWrapper)[pri:0, instance:Run_test.My_store_Test@3aefe5e5]" started-at="2020-10-04T18:39:30Z" name="feature" description="Runs Cucumber Feature" data-provider="features" finished-at="2020-10-04T18:39:41Z" duration-ms="11146" status="PASS">
          <params>
            <param index="0">
              <value>
                <![CDATA[My store application scenarion]]>
              </value>
            </param>
          </params>
          <reporter-output>
          </reporter-output>
        </test-method> <!-- feature -->
        <test-method is-config="true" signature="tearDownClass()[pri:0, instance:Run_test.My_store_Test@3aefe5e5]" started-at="2020-10-04T18:39:41Z" name="tearDownClass" finished-at="2020-10-04T18:39:41Z" duration-ms="40" status="PASS">
          <reporter-output>
          </reporter-output>
        </test-method> <!-- tearDownClass -->
      </class> <!-- Run_test.My_store_Test -->
      <class name="Run_test.Search_Test">
        <test-method is-config="true" signature="setUpClass()[pri:0, instance:Run_test.Search_Test@149e0f5d]" started-at="2020-10-04T18:39:41Z" name="setUpClass" finished-at="2020-10-04T18:39:42Z" duration-ms="171" status="PASS">
          <reporter-output>
          </reporter-output>
        </test-method> <!-- setUpClass -->
        <test-method signature="feature(cucumber.api.testng.CucumberFeatureWrapper)[pri:0, instance:Run_test.Search_Test@149e0f5d]" started-at="2020-10-04T18:39:42Z" name="feature" description="Runs Cucumber Feature" data-provider="features" finished-at="2020-10-04T18:40:11Z" duration-ms="29450" status="PASS">
          <params>
            <param index="0">
              <value>
                <![CDATA[This is to Search product in application]]>
              </value>
            </param>
          </params>
          <reporter-output>
          </reporter-output>
        </test-method> <!-- feature -->
        <test-method signature="feature(cucumber.api.testng.CucumberFeatureWrapper)[pri:0, instance:Run_test.Search_Test@149e0f5d]" started-at="2020-10-04T18:40:11Z" name="feature" description="Runs Cucumber Feature" data-provider="features" finished-at="2020-10-04T18:40:22Z" duration-ms="11003" status="PASS">
          <params>
            <param index="0">
              <value>
                <![CDATA[My store application scenarion]]>
              </value>
            </param>
          </params>
          <reporter-output>
          </reporter-output>
        </test-method> <!-- feature -->
        <test-method is-config="true" signature="tearDownClass()[pri:0, instance:Run_test.Search_Test@149e0f5d]" started-at="2020-10-04T18:40:22Z" name="tearDownClass" finished-at="2020-10-04T18:40:22Z" duration-ms="17" status="PASS">
          <reporter-output>
          </reporter-output>
        </test-method> <!-- tearDownClass -->
      </class> <!-- Run_test.Search_Test -->
    </test> <!-- Command line test -->
  </suite> <!-- Command line suite -->
</testng-results>
