<?xml version="1.0" encoding="UTF-8"?>
<!-- Generated by org.testng.reporters.JUnitXMLReporter -->
<testsuite ignored="0" hostname="DESKTOP-3T4BVL7" failures="0" tests="4" name="Command line test" time="65.565" errors="0" timestamp="04 Oct 2020 13:10:22 GMT">
  <testcase classname="cucumber.api.testng.AbstractTestNGCucumberTests" name="feature" time="12.982"/>
  <testcase classname="cucumber.api.testng.AbstractTestNGCucumberTests" name="feature" time="11.146"/>
  <testcase classname="cucumber.api.testng.AbstractTestNGCucumberTests" name="feature" time="29.45"/>
  <testcase classname="cucumber.api.testng.AbstractTestNGCucumberTests" name="feature" time="11.003"/>
</testsuite> <!-- Command line test -->
