<?xml version="1.0" encoding="UTF-8"?>
<testng-results ignored="0" total="1" passed="1" failed="0" skipped="0">
  <reporter-output>
  </reporter-output>
  <suite started-at="2020-10-06T18:29:12 IST" name="Default suite" finished-at="2020-10-06T18:30:21 IST" duration-ms="68326">
    <groups>
      <group name="cucumber">
        <method signature="AbstractTestNGCucumberTests.feature(cucumber.api.testng.CucumberFeatureWrapper)[pri:0, instance:Run_test.My_store_Test@1ed4ae0f]" name="feature" class="cucumber.api.testng.AbstractTestNGCucumberTests"/>
      </group> <!-- cucumber -->
    </groups>
    <test started-at="2020-10-06T18:29:12 IST" name="Default test" finished-at="2020-10-06T18:30:21 IST" duration-ms="68326">
      <class name="Run_test.My_store_Test">
        <test-method is-config="true" signature="setUpClass()[pri:0, instance:Run_test.My_store_Test@1ed4ae0f]" started-at="2020-10-06T18:29:13 IST" name="setUpClass" finished-at="2020-10-06T18:29:13 IST" duration-ms="473" status="PASS">
          <reporter-output>
          </reporter-output>
        </test-method> <!-- setUpClass -->
        <test-method signature="feature(cucumber.api.testng.CucumberFeatureWrapper)[pri:0, instance:Run_test.My_store_Test@1ed4ae0f]" started-at="2020-10-06T18:29:13 IST" name="feature" description="Runs Cucumber Feature" data-provider="features" finished-at="2020-10-06T18:30:21 IST" duration-ms="67594" status="PASS">
          <params>
            <param index="0">
              <value>
                <![CDATA[My store application scenarion]]>
              </value>
            </param>
          </params>
          <reporter-output>
          </reporter-output>
        </test-method> <!-- feature -->
        <test-method is-config="true" signature="tearDownClass()[pri:0, instance:Run_test.My_store_Test@1ed4ae0f]" started-at="2020-10-06T18:30:21 IST" name="tearDownClass" finished-at="2020-10-06T18:30:21 IST" duration-ms="16" status="PASS">
          <reporter-output>
          </reporter-output>
        </test-method> <!-- tearDownClass -->
      </class> <!-- Run_test.My_store_Test -->
    </test> <!-- Default test -->
  </suite> <!-- Default suite -->
</testng-results>
