<?xml version="1.0" encoding="UTF-8"?>
<testng-results ignored="0" total="2" passed="2" failed="0" skipped="0">
  <reporter-output>
  </reporter-output>
  <suite started-at="2020-10-04T18:34:26 IST" name="Default suite" finished-at="2020-10-04T18:35:09 IST" duration-ms="42916">
    <groups>
      <group name="cucumber">
        <method signature="AbstractTestNGCucumberTests.feature(cucumber.api.testng.CucumberFeatureWrapper)[pri:0, instance:Run_test.Search_Test@2bec068b]" name="feature" class="cucumber.api.testng.AbstractTestNGCucumberTests"/>
      </group> <!-- cucumber -->
    </groups>
    <test started-at="2020-10-04T18:34:26 IST" name="Default test" finished-at="2020-10-04T18:35:09 IST" duration-ms="42916">
      <class name="Run_test.Search_Test">
        <test-method is-config="true" signature="setUpClass()[pri:0, instance:Run_test.Search_Test@2bec068b]" started-at="2020-10-04T18:34:26 IST" name="setUpClass" finished-at="2020-10-04T18:34:27 IST" duration-ms="847" status="PASS">
          <reporter-output>
          </reporter-output>
        </test-method> <!-- setUpClass -->
        <test-method signature="feature(cucumber.api.testng.CucumberFeatureWrapper)[pri:0, instance:Run_test.Search_Test@2bec068b]" started-at="2020-10-04T18:34:28 IST" name="feature" description="Runs Cucumber Feature" data-provider="features" finished-at="2020-10-04T18:34:58 IST" duration-ms="30436" status="PASS">
          <params>
            <param index="0">
              <value>
                <![CDATA[This is to Search product in application]]>
              </value>
            </param>
          </params>
          <reporter-output>
          </reporter-output>
        </test-method> <!-- feature -->
        <test-method signature="feature(cucumber.api.testng.CucumberFeatureWrapper)[pri:0, instance:Run_test.Search_Test@2bec068b]" started-at="2020-10-04T18:34:58 IST" name="feature" description="Runs Cucumber Feature" data-provider="features" finished-at="2020-10-04T18:35:09 IST" duration-ms="11172" status="PASS">
          <params>
            <param index="0">
              <value>
                <![CDATA[My store application scenarion]]>
              </value>
            </param>
          </params>
          <reporter-output>
          </reporter-output>
        </test-method> <!-- feature -->
        <test-method is-config="true" signature="tearDownClass()[pri:0, instance:Run_test.Search_Test@2bec068b]" started-at="2020-10-04T18:35:09 IST" name="tearDownClass" finished-at="2020-10-04T18:35:09 IST" duration-ms="36" status="PASS">
          <reporter-output>
          </reporter-output>
        </test-method> <!-- tearDownClass -->
      </class> <!-- Run_test.Search_Test -->
    </test> <!-- Default test -->
  </suite> <!-- Default suite -->
</testng-results>
